# JRE version: Java(TM) SE Runtime Environment (8.0_25-b17) (build 1.8.0_25-b17)
# Java VM: Java HotSpot(TM) 64-Bit Server VM (25.25-b02 mixed mode linux-amd64 compressed oops)
Heap:
 PSYoungGen      total 151552K, used 106765K [0x00000000eab00000, 0x00000000f7780000, 0x0000000100000000)
  eden space 130560K, 81% used [0x00000000eab00000,0x00000000f1343708,0x00000000f2a80000)
  from space 20992K, 0% used [0x00000000f2a80000,0x00000000f2a80000,0x00000000f3f00000)
  to   space 21504K, 0% used [0x00000000f6280000,0x00000000f6280000,0x00000000f7780000)
 ParOldGen       total 117760K, used 43044K [0x00000000c0000000, 0x00000000c7300000, 0x00000000eab00000)
  object space 117760K, 36% used [0x00000000c0000000,0x00000000c2a093d8,0x00000000c7300000)
 Metaspace       used 47462K, capacity 49483K, committed 49792K, reserved 1091584K
  class space    used 6441K, capacity 7208K, committed 7296K, reserved 1048576K
GC Heap History (10 events):
Event: 6.285 GC heap before
{Heap before GC invocations=8 (full 1):
 PSYoungGen      total 101888K, used 101699K [0x00000000eab00000, 0x00000000f3900000, 0x0000000100000000)
  eden space 94208K, 100% used [0x00000000eab00000,0x00000000f0700000,0x00000000f0700000)
  from space 7680K, 97% used [0x00000000f3180000,0x00000000f38d0d00,0x00000000f3900000)
  to   space 10752K, 0% used [0x00000000f2400000,0x00000000f2400000,0x00000000f2e80000)
 ParOldGen       total 62464K, used 8612K [0x00000000c0000000, 0x00000000c3d00000, 0x00000000eab00000)
  object space 62464K, 13% used [0x00000000c0000000,0x00000000c08690e8,0x00000000c3d00000)
 Metaspace       used 30626K, capacity 31398K, committed 31488K, reserved 1077248K
  class space    used 4053K, capacity 4338K, committed 4352K, reserved 1048576K
Event: 6.315 GC heap after
Heap after GC invocations=8 (full 1):
 PSYoungGen      total 134656K, used 10724K [0x00000000eab00000, 0x00000000f4c80000, 0x0000000100000000)
  eden space 123904K, 0% used [0x00000000eab00000,0x00000000eab00000,0x00000000f2400000)
  from space 10752K, 99% used [0x00000000f2400000,0x00000000f2e79020,0x00000000f2e80000)
  to   space 13824K, 0% used [0x00000000f3f00000,0x00000000f3f00000,0x00000000f4c80000)
 ParOldGen       total 62464K, used 12044K [0x00000000c0000000, 0x00000000c3d00000, 0x00000000eab00000)
  object space 62464K, 19% used [0x00000000c0000000,0x00000000c0bc32a8,0x00000000c3d00000)
 Metaspace       used 30626K, capacity 31398K, committed 31488K, reserved 1077248K
  class space    used 4053K, capacity 4338K, committed 4352K, reserved 1048576K
}
Event: 7.675 GC heap before
{Heap before GC invocations=9 (full 1):
 PSYoungGen      total 134656K, used 127490K [0x00000000eab00000, 0x00000000f4c80000, 0x0000000100000000)
  eden space 123904K, 94% used [0x00000000eab00000,0x00000000f1d07a50,0x00000000f2400000)
  from space 10752K, 99% used [0x00000000f2400000,0x00000000f2e79020,0x00000000f2e80000)
  to   space 13824K, 0% used [0x00000000f3f00000,0x00000000f3f00000,0x00000000f4c80000)
 ParOldGen       total 62464K, used 12044K [0x00000000c0000000, 0x00000000c3d00000, 0x00000000eab00000)
  object space 62464K, 19% used [0x00000000c0000000,0x00000000c0bc32a8,0x00000000c3d00000)
 Metaspace       used 34161K, capacity 35416K, committed 35496K, reserved 1079296K
  class space    used 4661K, capacity 5200K, committed 5248K, reserved 1048576K
Event: 7.743 GC heap after
Heap after GC invocations=9 (full 1):
 PSYoungGen      total 144384K, used 13815K [0x00000000eab00000, 0x00000000f8f00000, 0x0000000100000000)
  eden space 130560K, 0% used [0x00000000eab00000,0x00000000eab00000,0x00000000f2a80000)
  from space 13824K, 99% used [0x00000000f3f00000,0x00000000f4c7deb8,0x00000000f4c80000)
  to   space 20992K, 0% used [0x00000000f2a80000,0x00000000f2a80000,0x00000000f3f00000)
 ParOldGen       total 62464K, used 24308K [0x00000000c0000000, 0x00000000c3d00000, 0x00000000eab00000)
  object space 62464K, 38% used [0x00000000c0000000,0x00000000c17bd1b8,0x00000000c3d00000)
 Metaspace       used 34161K, capacity 35416K, committed 35496K, reserved 1079296K
  class space    used 4661K, capacity 5200K, committed 5248K, reserved 1048576K
}
Event: 7.743 GC heap before
{Heap before GC invocations=10 (full 2):
 PSYoungGen      total 144384K, used 13815K [0x00000000eab00000, 0x00000000f8f00000, 0x0000000100000000)
  eden space 130560K, 0% used [0x00000000eab00000,0x00000000eab00000,0x00000000f2a80000)
  from space 13824K, 99% used [0x00000000f3f00000,0x00000000f4c7deb8,0x00000000f4c80000)
  to   space 20992K, 0% used [0x00000000f2a80000,0x00000000f2a80000,0x00000000f3f00000)
 ParOldGen       total 62464K, used 24308K [0x00000000c0000000, 0x00000000c3d00000, 0x00000000eab00000)
  object space 62464K, 38% used [0x00000000c0000000,0x00000000c17bd1b8,0x00000000c3d00000)
 Metaspace       used 34161K, capacity 35416K, committed 35496K, reserved 1079296K
  class space    used 4661K, capacity 5200K, committed 5248K, reserved 1048576K
Event: 7.930 GC heap after
Heap after GC invocations=10 (full 2):
 PSYoungGen      total 144384K, used 0K [0x00000000eab00000, 0x00000000f8f00000, 0x0000000100000000)
  eden space 130560K, 0% used [0x00000000eab00000,0x00000000eab00000,0x00000000f2a80000)
  from space 13824K, 0% used [0x00000000f3f00000,0x00000000f3f00000,0x00000000f4c80000)
  to   space 20992K, 0% used [0x00000000f2a80000,0x00000000f2a80000,0x00000000f3f00000)
 ParOldGen       total 117760K, used 32809K [0x00000000c0000000, 0x00000000c7300000, 0x00000000eab00000)
  object space 117760K, 27% used [0x00000000c0000000,0x00000000c200a4b0,0x00000000c7300000)
 Metaspace       used 34161K, capacity 35416K, committed 35496K, reserved 1079296K
  class space    used 4661K, capacity 5200K, committed 5248K, reserved 1048576K
}
Event: 10.861 GC heap before
{Heap before GC invocations=11 (full 2):
 PSYoungGen      total 144384K, used 110735K [0x00000000eab00000, 0x00000000f8f00000, 0x0000000100000000)
  eden space 130560K, 84% used [0x00000000eab00000,0x00000000f1723ff0,0x00000000f2a80000)
  from space 13824K, 0% used [0x00000000f3f00000,0x00000000f3f00000,0x00000000f4c80000)
  to   space 20992K, 0% used [0x00000000f2a80000,0x00000000f2a80000,0x00000000f3f00000)
 ParOldGen       total 117760K, used 32809K [0x00000000c0000000, 0x00000000c7300000, 0x00000000eab00000)
  object space 117760K, 27% used [0x00000000c0000000,0x00000000c200a4b0,0x00000000c7300000)
 Metaspace       used 44531K, capacity 46071K, committed 46208K, reserved 1089536K
  class space    used 6122K, capacity 6720K, committed 6784K, reserved 1048576K
Event: 10.889 GC heap after
Heap after GC invocations=11 (full 2):
 PSYoungGen      total 151552K, used 14423K [0x00000000eab00000, 0x00000000f7780000, 0x0000000100000000)
  eden space 130560K, 0% used [0x00000000eab00000,0x00000000eab00000,0x00000000f2a80000)
  from space 20992K, 68% used [0x00000000f2a80000,0x00000000f3895d70,0x00000000f3f00000)
  to   space 21504K, 0% used [0x00000000f6280000,0x00000000f6280000,0x00000000f7780000)
 ParOldGen       total 117760K, used 32817K [0x00000000c0000000, 0x00000000c7300000, 0x00000000eab00000)
  object space 117760K, 27% used [0x00000000c0000000,0x00000000c200c4b0,0x00000000c7300000)
 Metaspace       used 44531K, capacity 46071K, committed 46208K, reserved 1089536K
  class space    used 6122K, capacity 6720K, committed 6784K, reserved 1048576K
}
Event: 10.889 GC heap before
{Heap before GC invocations=12 (full 3):
 PSYoungGen      total 151552K, used 14423K [0x00000000eab00000, 0x00000000f7780000, 0x0000000100000000)
  eden space 130560K, 0% used [0x00000000eab00000,0x00000000eab00000,0x00000000f2a80000)
  from space 20992K, 68% used [0x00000000f2a80000,0x00000000f3895d70,0x00000000f3f00000)
  to   space 21504K, 0% used [0x00000000f6280000,0x00000000f6280000,0x00000000f7780000)
 ParOldGen       total 117760K, used 32817K [0x00000000c0000000, 0x00000000c7300000, 0x00000000eab00000)
  object space 117760K, 27% used [0x00000000c0000000,0x00000000c200c4b0,0x00000000c7300000)
 Metaspace       used 44531K, capacity 46071K, committed 46208K, reserved 1089536K
  class space    used 6122K, capacity 6720K, committed 6784K, reserved 1048576K
Event: 11.416 GC heap after
Heap after GC invocations=12 (full 3):
 PSYoungGen      total 151552K, used 0K [0x00000000eab00000, 0x00000000f7780000, 0x0000000100000000)
  eden space 130560K, 0% used [0x00000000eab00000,0x00000000eab00000,0x00000000f2a80000)
  from space 20992K, 0% used [0x00000000f2a80000,0x00000000f2a80000,0x00000000f3f00000)
  to   space 21504K, 0% used [0x00000000f6280000,0x00000000f6280000,0x00000000f7780000)
 ParOldGen       total 117760K, used 43044K [0x00000000c0000000, 0x00000000c7300000, 0x00000000eab00000)
  object space 117760K, 36% used [0x00000000c0000000,0x00000000c2a093d8,0x00000000c7300000)
 Metaspace       used 44498K, capacity 45957K, committed 46208K, reserved 1089536K
  class space    used 6115K, capacity 6686K, committed 6784K, reserved 1048576K
}

